<?xml version="1.0" encoding="UTF-8"?>
<testsuite hostname="host-198.gts.wahanda.com" name="com.tests.wahanda.acceptance.AccountTest" tests="3" failures="0" timestamp="27 Oct 2014 15:12:23 GMT" time="40.759" errors="0">
  <testcase name="accountCreationTest" time="0.684" classname="com.tests.wahanda.acceptance.AccountTest"/>
  <testcase name="loginAndEditProfileTest" time="5.754" classname="com.tests.wahanda.acceptance.AccountTest"/>
  <testcase name="loginAndPasswordChangeTest" time="19.011" classname="com.tests.wahanda.acceptance.AccountTest"/>
</testsuite>
