<?xml version="1.0" encoding="UTF-8" ?>
<testsuite tests="5" failures="1" name="com.wahanda.acceptance.AccountTest" time="0.478" errors="0" skipped="4">
  <properties>
[...]
</properties>
  <testcase classname="com.wahanda.acceptance.AccountTest" name="setUp" time="0.472">
    <failure message="
Parameter &apos;hubHost&apos; is required by @Configuration on method setUp
but has not been marked @Optional or defined " type="org.testng.TestNGException">org.testng.TestNGException: 
Parameter &apos;hubHost&apos; is required by @Configuration on method setUp
but has not been marked @Optional or defined 
	at org.testng.internal.Parameters.createParameters(Parameters.java:144)
	at org.testng.internal.Parameters.createParameters(Parameters.java:342)
	at org.testng.internal.Parameters.createConfigurationParameters(Parameters.java:78)
	at org.testng.internal.Invoker.invokeConfigurations(Invoker.java:190)
	at org.testng.internal.Invoker.invokeConfigurations(Invoker.java:130)
	at org.testng.internal.TestMethodWorker.invokeBeforeClassMethods(TestMethodWorker.java:173)
	at org.testng.internal.TestMethodWorker.run(TestMethodWorker.java:105)
	at org.testng.TestRunner.runWorkers(TestRunner.java:1178)
	at org.testng.TestRunner.privateRun(TestRunner.java:757)
	at org.testng.TestRunner.run(TestRunner.java:608)
	at org.testng.SuiteRunner.runTest(SuiteRunner.java:334)
	at org.testng.SuiteRunner.runSequentially(SuiteRunner.java:329)
	at org.testng.SuiteRunner.privateRun(SuiteRunner.java:291)
	at org.testng.SuiteRunner.run(SuiteRunner.java:240)
	at org.testng.SuiteRunnerWorker.runSuite(SuiteRunnerWorker.java:52)
	at org.testng.SuiteRunnerWorker.run(SuiteRunnerWorker.java:86)
	at org.testng.TestNG.runSuitesSequentially(TestNG.java:1158)
	at org.testng.TestNG.runSuitesLocally(TestNG.java:1083)
	at org.testng.TestNG.run(TestNG.java:999)
	at org.apache.maven.surefire.testng.TestNGExecutor.run(TestNGExecutor.java:77)
	at org.apache.maven.surefire.testng.TestNGDirectoryTestSuite.execute(TestNGDirectoryTestSuite.java:110)
	at org.apache.maven.surefire.testng.TestNGProvider.invoke(TestNGProvider.java:106)
	at sun.reflect.NativeMethodAccessorImpl.invoke0(Native Method)
	at sun.reflect.NativeMethodAccessorImpl.invoke(NativeMethodAccessorImpl.java:62)
	at sun.reflect.DelegatingMethodAccessorImpl.invoke(DelegatingMethodAccessorImpl.java:43)
	at java.lang.reflect.Method.invoke(Method.java:483)
	at org.apache.maven.surefire.util.ReflectionUtils.invokeMethodWithArray(ReflectionUtils.java:189)
	at org.apache.maven.surefire.booter.ProviderFactory$ProviderProxy.invoke(ProviderFactory.java:165)
	at org.apache.maven.surefire.booter.ProviderFactory.invokeProvider(ProviderFactory.java:85)
	at org.apache.maven.surefire.booter.ForkedBooter.runSuitesInProcess(ForkedBooter.java:115)
	at org.apache.maven.surefire.booter.ForkedBooter.main(ForkedBooter.java:75)
</failure>
    <system-out>Configuring TestNG with: org.apache.maven.surefire.testng.conf.TestNGMapConfigurator@73c6c3b2
</system-out>
  </testcase>
  <testcase classname="com.wahanda.acceptance.AccountTest" name="accountCreationTest" time="0.005">
    <skipped/>
  </testcase>
  <testcase classname="com.wahanda.acceptance.AccountTest" name="loginAndEditProfileTest" time="0">
    <skipped/>
  </testcase>
  <testcase classname="com.wahanda.acceptance.AccountTest" name="loginAndPasswordChangeTest" time="0">
    <skipped/>
  </testcase>
  <testcase classname="com.wahanda.acceptance.AccountTest" name="tearDown" time="0.001">
    <skipped/>
  </testcase>
</testsuite>