<?xml version="1.0" encoding="UTF-8"?>
<testng-results skipped="0" failed="0" total="6" passed="6">
  <reporter-output>
  </reporter-output>
  <suite name="Local grid profile" duration-ms="91139" started-at="2014-10-27T16:15:49Z" finished-at="2014-10-27T16:17:21Z">
    <groups>
    </groups>
    <test name="Safari" duration-ms="31718" started-at="2014-10-27T16:16:49Z" finished-at="2014-10-27T16:17:21Z">
      <class name="com.tests.wahanda.acceptance.AccountTest">
        <test-method status="PASS" signature="setUp(java.lang.String, int, java.lang.String, java.lang.String)" name="setUp" is-config="true" duration-ms="884" started-at="2014-10-27T16:16:49Z" finished-at="2014-10-27T16:16:50Z">
          <params>
            <param index="0">
              <value>
                <![CDATA[localhost]]>
              </value>
            </param>
            <param index="1">
              <value>
                <![CDATA[4444]]>
              </value>
            </param>
            <param index="2">
              <value>
                <![CDATA[safari]]>
              </value>
            </param>
            <param index="3">
              <value>
                <![CDATA[any]]>
              </value>
            </param>
          </params>
        </test-method>
        <test-method status="PASS" signature="createNewTestAccount()" name="createNewTestAccount" is-config="true" duration-ms="9055" started-at="2014-10-27T16:16:50Z" finished-at="2014-10-27T16:16:59Z">
        </test-method>
        <test-method status="PASS" signature="accountCreationTest()" name="accountCreationTest" duration-ms="1001" started-at="2014-10-27T16:16:59Z" finished-at="2014-10-27T16:17:00Z">
        </test-method>
        <test-method status="PASS" signature="postTestLogout()" name="postTestLogout" is-config="true" duration-ms="1881" started-at="2014-10-27T16:17:00Z" finished-at="2014-10-27T16:17:02Z">
        </test-method>
        <test-method status="PASS" signature="loginAndEditAccountTest()" name="loginAndEditAccountTest" duration-ms="15491" started-at="2014-10-27T16:17:02Z" finished-at="2014-10-27T16:17:17Z">
        </test-method>
        <test-method status="PASS" signature="postTestLogout()" name="postTestLogout" is-config="true" duration-ms="3346" started-at="2014-10-27T16:17:17Z" finished-at="2014-10-27T16:17:21Z">
        </test-method>
        <test-method status="PASS" signature="tearDown()" name="tearDown" is-config="true" duration-ms="59" started-at="2014-10-27T16:17:21Z" finished-at="2014-10-27T16:17:21Z">
        </test-method>
      </class>
    </test>
    <test name="Chrome" duration-ms="33151" started-at="2014-10-27T16:15:49Z" finished-at="2014-10-27T16:16:23Z">
      <class name="com.tests.wahanda.acceptance.AccountTest">
        <test-method status="PASS" signature="setUp(java.lang.String, int, java.lang.String, java.lang.String)" name="setUp" is-config="true" duration-ms="5038" started-at="2014-10-27T16:15:49Z" finished-at="2014-10-27T16:15:55Z">
          <params>
            <param index="0">
              <value>
                <![CDATA[localhost]]>
              </value>
            </param>
            <param index="1">
              <value>
                <![CDATA[4444]]>
              </value>
            </param>
            <param index="2">
              <value>
                <![CDATA[chrome]]>
              </value>
            </param>
            <param index="3">
              <value>
                <![CDATA[any]]>
              </value>
            </param>
          </params>
        </test-method>
        <test-method status="PASS" signature="createNewTestAccount()" name="createNewTestAccount" is-config="true" duration-ms="8873" started-at="2014-10-27T16:15:55Z" finished-at="2014-10-27T16:16:03Z">
        </test-method>
        <test-method status="PASS" signature="accountCreationTest()" name="accountCreationTest" duration-ms="1566" started-at="2014-10-27T16:16:03Z" finished-at="2014-10-27T16:16:05Z">
        </test-method>
        <test-method status="PASS" signature="postTestLogout()" name="postTestLogout" is-config="true" duration-ms="2051" started-at="2014-10-27T16:16:05Z" finished-at="2014-10-27T16:16:07Z">
        </test-method>
        <test-method status="PASS" signature="loginAndEditAccountTest()" name="loginAndEditAccountTest" duration-ms="12956" started-at="2014-10-27T16:16:07Z" finished-at="2014-10-27T16:16:20Z">
        </test-method>
        <test-method status="PASS" signature="postTestLogout()" name="postTestLogout" is-config="true" duration-ms="2082" started-at="2014-10-27T16:16:20Z" finished-at="2014-10-27T16:16:22Z">
        </test-method>
        <test-method status="PASS" signature="tearDown()" name="tearDown" is-config="true" duration-ms="580" started-at="2014-10-27T16:16:22Z" finished-at="2014-10-27T16:16:23Z">
        </test-method>
      </class>
    </test>
    <test name="Firefox" duration-ms="26261" started-at="2014-10-27T16:16:23Z" finished-at="2014-10-27T16:16:49Z">
      <class name="com.tests.wahanda.acceptance.AccountTest">
        <test-method status="PASS" signature="setUp(java.lang.String, int, java.lang.String, java.lang.String)" name="setUp" is-config="true" duration-ms="1978" started-at="2014-10-27T16:16:23Z" finished-at="2014-10-27T16:16:25Z">
          <params>
            <param index="0">
              <value>
                <![CDATA[localhost]]>
              </value>
            </param>
            <param index="1">
              <value>
                <![CDATA[4444]]>
              </value>
            </param>
            <param index="2">
              <value>
                <![CDATA[firefox]]>
              </value>
            </param>
            <param index="3">
              <value>
                <![CDATA[any]]>
              </value>
            </param>
          </params>
        </test-method>
        <test-method status="PASS" signature="createNewTestAccount()" name="createNewTestAccount" is-config="true" duration-ms="8311" started-at="2014-10-27T16:16:25Z" finished-at="2014-10-27T16:16:33Z">
        </test-method>
        <test-method status="PASS" signature="accountCreationTest()" name="accountCreationTest" duration-ms="885" started-at="2014-10-27T16:16:33Z" finished-at="2014-10-27T16:16:34Z">
        </test-method>
        <test-method status="PASS" signature="postTestLogout()" name="postTestLogout" is-config="true" duration-ms="2085" started-at="2014-10-27T16:16:34Z" finished-at="2014-10-27T16:16:36Z">
        </test-method>
        <test-method status="PASS" signature="loginAndEditAccountTest()" name="loginAndEditAccountTest" duration-ms="11653" started-at="2014-10-27T16:16:36Z" finished-at="2014-10-27T16:16:48Z">
        </test-method>
        <test-method status="PASS" signature="postTestLogout()" name="postTestLogout" is-config="true" duration-ms="1264" started-at="2014-10-27T16:16:48Z" finished-at="2014-10-27T16:16:49Z">
        </test-method>
        <test-method status="PASS" signature="tearDown()" name="tearDown" is-config="true" duration-ms="83" started-at="2014-10-27T16:16:49Z" finished-at="2014-10-27T16:16:49Z">
        </test-method>
      </class>
    </test>
  </suite>
</testng-results>
