<?xml version="1.0" encoding="UTF-8"?>
<testsuite hostname="host-198.gts.wahanda.com" name="com.wahanda.acceptance.AccountTest" tests="3" failures="0" timestamp="24 Oct 2014 15:28:47 GMT" time="32.249" errors="0">
  <testcase name="accountCreationTest" time="10.289" classname="com.wahanda.acceptance.AccountTest"/>
  <testcase name="loginAndEditProfileTest" time="6.245" classname="com.wahanda.acceptance.AccountTest"/>
  <testcase name="loginAndPasswordChangeTest" time="13.413" classname="com.wahanda.acceptance.AccountTest"/>
</testsuite>
